<?xml version="1.0" encoding="UTF-8"?>
<!-- Generated by org.testng.reporters.JUnitXMLReporter -->
<testsuite ignored="4" hostname="LAPTOP-HC235GC5" failures="0" tests="3" name="Test" time="11.091" errors="0" timestamp="2025-08-30T16:46:01 IST">
  <testcase classname="testCases.TC002_CustomerLoginTest" name="verify_customer_login" time="1.262"/>
  <testcase classname="testCases.TC003_AccountOverviewTest" name="verify_account_overview" time="1.112"/>
  <testcase classname="testCases.TC004_OpenNewAccountTest" name="verify_openNewAccount" time="3.124"/>
  <testcase classname="testBase.BaseClass" name="@AfterTest tearDown" time="0.0">
    <ignored/>
  </testcase> <!-- @AfterTest tearDown -->
  <testcase classname="testBase.BaseClass" name="@BeforeTest launchBrowser" time="0.0">
    <ignored/>
  </testcase> <!-- @BeforeTest launchBrowser -->
  <testcase classname="testBase.BaseClass" name="@BeforeTest launchBrowser" time="0.0">
    <ignored/>
  </testcase> <!-- @BeforeTest launchBrowser -->
  <testcase classname="testBase.BaseClass" name="@AfterTest tearDown" time="0.0">
    <ignored/>
  </testcase> <!-- @AfterTest tearDown -->
</testsuite> <!-- Test -->
